<?xml version="1.0" encoding="UTF-8"?>
<!-- Generated by org.testng.reporters.JUnitXMLReporter -->
<testsuite ignored="0" hostname="LAPTOP-AGU9E2S5" failures="0" tests="5" name="Default test" time="15.964" errors="0" timestamp="2022-08-23T15:06:30 CDT">
  <testcase classname="com.dsalgo.qa.testcases.DSPageTest" name="clickGetStarted" time="0.396"/>
  <testcase classname="com.dsalgo.qa.testcases.DSPageTest" name="clickTimeComplexity" time="2.319"/>
  <testcase classname="com.dsalgo.qa.testcases.DSPageTest" name="clickDataStructureTimeComplexity" time="0.243"/>
  <testcase classname="com.dsalgo.qa.testcases.DSPageTest" name="loadTryHere1" time="5.296"/>
  <testcase classname="com.dsalgo.qa.testcases.DSPageTest" name="clickPracticeQuestions" time="0.318"/>
</testsuite> <!-- Default test -->
